# JRE version: 7.0_21-b11
# Java VM: Java HotSpot(TM) Client VM (23.21-b01 mixed mode, sharing windows-x86 )
Heap
 def new generation   total 7040K, used 3556K [0x23b10000, 0x242b0000, 0x29060000)
  eden space 6272K,  52% used [0x23b10000, 0x23e49270, 0x24130000)
  from space 768K,  33% used [0x24130000, 0x2416fdb0, 0x241f0000)
  to   space 768K,   0% used [0x241f0000, 0x241f0000, 0x242b0000)
 tenured generation   total 15528K, used 14465K [0x29060000, 0x29f8a000, 0x33b10000)
   the space 15528K,  93% used [0x29060000, 0x29e807b8, 0x29e80800, 0x29f8a000)
 compacting perm gen  total 12288K, used 8216K [0x33b10000, 0x34710000, 0x37b10000)
   the space 12288K,  66% used [0x33b10000, 0x34316198, 0x34316200, 0x34710000)
    ro space 10240K,  42% used [0x37b10000, 0x37f522a0, 0x37f52400, 0x38510000)
    rw space 12288K,  54% used [0x38510000, 0x38b93250, 0x38b93400, 0x39110000)
GC Heap History (10 events):
Event: 21884.839 GC heap before
{Heap before GC invocations=39401 (full 16):
 def new generation   total 7040K, used 6511K [0x23b10000, 0x242b0000, 0x29060000)
  eden space 6272K, 100% used [0x23b10000, 0x24130000, 0x24130000)
  from space 768K,  31% used [0x241f0000, 0x2422bc08, 0x242b0000)
  to   space 768K,   0% used [0x24130000, 0x24130000, 0x241f0000)
 tenured generation   total 15528K, used 14462K [0x29060000, 0x29f8a000, 0x33b10000)
   the space 15528K,  93% used [0x29060000, 0x29e7fb28, 0x29e7fc00, 0x29f8a000)
 compacting perm gen  total 12288K, used 8207K [0x33b10000, 0x34710000, 0x37b10000)
   the space 12288K,  66% used [0x33b10000, 0x34313e98, 0x34314000, 0x34710000)
    ro space 10240K,  42% used [0x37b10000, 0x37f522a0, 0x37f52400, 0x38510000)
    rw space 12288K,  54% used [0x38510000, 0x38b93250, 0x38b93400, 0x39110000)
Event: 21884.839 GC heap after
Heap after GC invocations=39402 (full 16):
 def new generation   total 7040K, used 234K [0x23b10000, 0x242b0000, 0x29060000)
  eden space 6272K,   0% used [0x23b10000, 0x23b10000, 0x24130000)
  from space 768K,  30% used [0x24130000, 0x2416a8b8, 0x241f0000)
  to   space 768K,   0% used [0x241f0000, 0x241f0000, 0x242b0000)
 tenured generation   total 15528K, used 14463K [0x29060000, 0x29f8a000, 0x33b10000)
   the space 15528K,  93% used [0x29060000, 0x29e7fd38, 0x29e7fe00, 0x29f8a000)
 compacting perm gen  total 12288K, used 8207K [0x33b10000, 0x34710000, 0x37b10000)
   the space 12288K,  66% used [0x33b10000, 0x34313e98, 0x34314000, 0x34710000)
    ro space 10240K,  42% used [0x37b10000, 0x37f522a0, 0x37f52400, 0x38510000)
    rw space 12288K,  54% used [0x38510000, 0x38b93250, 0x38b93400, 0x39110000)
}
Event: 21885.852 GC heap before
{Heap before GC invocations=39402 (full 16):
 def new generation   total 7040K, used 6506K [0x23b10000, 0x242b0000, 0x29060000)
  eden space 6272K, 100% used [0x23b10000, 0x24130000, 0x24130000)
  from space 768K,  30% used [0x24130000, 0x2416a8b8, 0x241f0000)
  to   space 768K,   0% used [0x241f0000, 0x241f0000, 0x242b0000)
 tenured generation   total 15528K, used 14463K [0x29060000, 0x29f8a000, 0x33b10000)
   the space 15528K,  93% used [0x29060000, 0x29e7fd38, 0x29e7fe00, 0x29f8a000)
 compacting perm gen  total 12288K, used 8207K [0x33b10000, 0x34710000, 0x37b10000)
   the space 12288K,  66% used [0x33b10000, 0x34313e98, 0x34314000, 0x34710000)
    ro space 10240K,  42% used [0x37b10000, 0x37f522a0, 0x37f52400, 0x38510000)
    rw space 12288K,  54% used [0x38510000, 0x38b93250, 0x38b93400, 0x39110000)
Event: 21885.853 GC heap after
Heap after GC invocations=39403 (full 16):
 def new generation   total 7040K, used 240K [0x23b10000, 0x242b0000, 0x29060000)
  eden space 6272K,   0% used [0x23b10000, 0x23b10000, 0x24130000)
  from space 768K,  31% used [0x241f0000, 0x2422c088, 0x242b0000)
  to   space 768K,   0% used [0x24130000, 0x24130000, 0x241f0000)
 tenured generation   total 15528K, used 14463K [0x29060000, 0x29f8a000, 0x33b10000)
   the space 15528K,  93% used [0x29060000, 0x29e7ff78, 0x29e80000, 0x29f8a000)
 compacting perm gen  total 12288K, used 8207K [0x33b10000, 0x34710000, 0x37b10000)
   the space 12288K,  66% used [0x33b10000, 0x34313e98, 0x34314000, 0x34710000)
    ro space 10240K,  42% used [0x37b10000, 0x37f522a0, 0x37f52400, 0x38510000)
    rw space 12288K,  54% used [0x38510000, 0x38b93250, 0x38b93400, 0x39110000)
}
Event: 21886.619 GC heap before
{Heap before GC invocations=39403 (full 16):
 def new generation   total 7040K, used 6512K [0x23b10000, 0x242b0000, 0x29060000)
  eden space 6272K, 100% used [0x23b10000, 0x24130000, 0x24130000)
  from space 768K,  31% used [0x241f0000, 0x2422c088, 0x242b0000)
  to   space 768K,   0% used [0x24130000, 0x24130000, 0x241f0000)
 tenured generation   total 15528K, used 14463K [0x29060000, 0x29f8a000, 0x33b10000)
   the space 15528K,  93% used [0x29060000, 0x29e7ff78, 0x29e80000, 0x29f8a000)
 compacting perm gen  total 12288K, used 8207K [0x33b10000, 0x34710000, 0x37b10000)
   the space 12288K,  66% used [0x33b10000, 0x34313e98, 0x34314000, 0x34710000)
    ro space 10240K,  42% used [0x37b10000, 0x37f522a0, 0x37f52400, 0x38510000)
    rw space 12288K,  54% used [0x38510000, 0x38b93250, 0x38b93400, 0x39110000)
Event: 21886.620 GC heap after
Heap after GC invocations=39404 (full 16):
 def new generation   total 7040K, used 259K [0x23b10000, 0x242b0000, 0x29060000)
  eden space 6272K,   0% used [0x23b10000, 0x23b10000, 0x24130000)
  from space 768K,  33% used [0x24130000, 0x24170ea8, 0x241f0000)
  to   space 768K,   0% used [0x241f0000, 0x241f0000, 0x242b0000)
 tenured generation   total 15528K, used 14464K [0x29060000, 0x29f8a000, 0x33b10000)
   the space 15528K,  93% used [0x29060000, 0x29e80158, 0x29e80200, 0x29f8a000)
 compacting perm gen  total 12288K, used 8207K [0x33b10000, 0x34710000, 0x37b10000)
   the space 12288K,  66% used [0x33b10000, 0x34313e98, 0x34314000, 0x34710000)
    ro space 10240K,  42% used [0x37b10000, 0x37f522a0, 0x37f52400, 0x38510000)
    rw space 12288K,  54% used [0x38510000, 0x38b93250, 0x38b93400, 0x39110000)
}
Event: 21887.626 GC heap before
{Heap before GC invocations=39404 (full 16):
 def new generation   total 7040K, used 6531K [0x23b10000, 0x242b0000, 0x29060000)
  eden space 6272K, 100% used [0x23b10000, 0x24130000, 0x24130000)
  from space 768K,  33% used [0x24130000, 0x24170ea8, 0x241f0000)
  to   space 768K,   0% used [0x241f0000, 0x241f0000, 0x242b0000)
 tenured generation   total 15528K, used 14464K [0x29060000, 0x29f8a000, 0x33b10000)
   the space 15528K,  93% used [0x29060000, 0x29e80158, 0x29e80200, 0x29f8a000)
 compacting perm gen  total 12288K, used 8207K [0x33b10000, 0x34710000, 0x37b10000)
   the space 12288K,  66% used [0x33b10000, 0x34313e98, 0x34314000, 0x34710000)
    ro space 10240K,  42% used [0x37b10000, 0x37f522a0, 0x37f52400, 0x38510000)
    rw space 12288K,  54% used [0x38510000, 0x38b93250, 0x38b93400, 0x39110000)
Event: 21887.627 GC heap after
Heap after GC invocations=39405 (full 16):
 def new generation   total 7040K, used 256K [0x23b10000, 0x242b0000, 0x29060000)
  eden space 6272K,   0% used [0x23b10000, 0x23b10000, 0x24130000)
  from space 768K,  33% used [0x241f0000, 0x24230108, 0x242b0000)
  to   space 768K,   0% used [0x24130000, 0x24130000, 0x241f0000)
 tenured generation   total 15528K, used 14465K [0x29060000, 0x29f8a000, 0x33b10000)
   the space 15528K,  93% used [0x29060000, 0x29e804b8, 0x29e80600, 0x29f8a000)
 compacting perm gen  total 12288K, used 8207K [0x33b10000, 0x34710000, 0x37b10000)
   the space 12288K,  66% used [0x33b10000, 0x34313e98, 0x34314000, 0x34710000)
    ro space 10240K,  42% used [0x37b10000, 0x37f522a0, 0x37f52400, 0x38510000)
    rw space 12288K,  54% used [0x38510000, 0x38b93250, 0x38b93400, 0x39110000)
}
Event: 21888.574 GC heap before
{Heap before GC invocations=39405 (full 16):
 def new generation   total 7040K, used 6528K [0x23b10000, 0x242b0000, 0x29060000)
  eden space 6272K, 100% used [0x23b10000, 0x24130000, 0x24130000)
  from space 768K,  33% used [0x241f0000, 0x24230108, 0x242b0000)
  to   space 768K,   0% used [0x24130000, 0x24130000, 0x241f0000)
 tenured generation   total 15528K, used 14465K [0x29060000, 0x29f8a000, 0x33b10000)
   the space 15528K,  93% used [0x29060000, 0x29e804b8, 0x29e80600, 0x29f8a000)
 compacting perm gen  total 12288K, used 8207K [0x33b10000, 0x34710000, 0x37b10000)
   the space 12288K,  66% used [0x33b10000, 0x34313e98, 0x34314000, 0x34710000)
    ro space 10240K,  42% used [0x37b10000, 0x37f522a0, 0x37f52400, 0x38510000)
    rw space 12288K,  54% used [0x38510000, 0x38b93250, 0x38b93400, 0x39110000)
Event: 21888.575 GC heap after
Heap after GC invocations=39406 (full 16):
 def new generation   total 7040K, used 255K [0x23b10000, 0x242b0000, 0x29060000)
  eden space 6272K,   0% used [0x23b10000, 0x23b10000, 0x24130000)
  from space 768K,  33% used [0x24130000, 0x2416fdb0, 0x241f0000)
  to   space 768K,   0% used [0x241f0000, 0x241f0000, 0x242b0000)
 tenured generation   total 15528K, used 14465K [0x29060000, 0x29f8a000, 0x33b10000)
   the space 15528K,  93% used [0x29060000, 0x29e807b8, 0x29e80800, 0x29f8a000)
 compacting perm gen  total 12288K, used 8207K [0x33b10000, 0x34710000, 0x37b10000)
   the space 12288K,  66% used [0x33b10000, 0x34313e98, 0x34314000, 0x34710000)
    ro space 10240K,  42% used [0x37b10000, 0x37f522a0, 0x37f52400, 0x38510000)
    rw space 12288K,  54% used [0x38510000, 0x38b93250, 0x38b93400, 0x39110000)
}

