# JRE version: 7.0_21-b11
# Java VM: Java HotSpot(TM) Client VM (23.21-b01 mixed mode, sharing windows-x86 )
Heap
 def new generation   total 8640K, used 2934K [0x23b10000, 0x24470000, 0x29060000)
  eden space 7680K,  33% used [0x23b10000, 0x23d97878, 0x24290000)
  from space 960K,  35% used [0x24290000, 0x242e6038, 0x24380000)
  to   space 960K,   0% used [0x24380000, 0x24380000, 0x24470000)
 tenured generation   total 18892K, used 10564K [0x29060000, 0x2a2d3000, 0x33b10000)
   the space 18892K,  55% used [0x29060000, 0x29ab1268, 0x29ab1400, 0x2a2d3000)
 compacting perm gen  total 12288K, used 9990K [0x33b10000, 0x34710000, 0x37b10000)
   the space 12288K,  81% used [0x33b10000, 0x344d1b08, 0x344d1c00, 0x34710000)
    ro space 10240K,  42% used [0x37b10000, 0x37f522a0, 0x37f52400, 0x38510000)
    rw space 12288K,  54% used [0x38510000, 0x38b93250, 0x38b93400, 0x39110000)
GC Heap History (10 events):
Event: 29009.206 GC heap before
{Heap before GC invocations=36261 (full 106):
 def new generation   total 8640K, used 8032K [0x23b10000, 0x24470000, 0x29060000)
  eden space 7680K, 100% used [0x23b10000, 0x24290000, 0x24290000)
  from space 960K,  36% used [0x24380000, 0x243d83e8, 0x24470000)
  to   space 960K,   0% used [0x24290000, 0x24290000, 0x24380000)
 tenured generation   total 18892K, used 10512K [0x29060000, 0x2a2d3000, 0x33b10000)
   the space 18892K,  55% used [0x29060000, 0x29aa4170, 0x29aa4200, 0x2a2d3000)
 compacting perm gen  total 12288K, used 9982K [0x33b10000, 0x34710000, 0x37b10000)
   the space 12288K,  81% used [0x33b10000, 0x344cf818, 0x344cfa00, 0x34710000)
    ro space 10240K,  42% used [0x37b10000, 0x37f522a0, 0x37f52400, 0x38510000)
    rw space 12288K,  54% used [0x38510000, 0x38b93250, 0x38b93400, 0x39110000)
Event: 29009.207 GC heap after
Heap after GC invocations=36262 (full 106):
 def new generation   total 8640K, used 353K [0x23b10000, 0x24470000, 0x29060000)
  eden space 7680K,   0% used [0x23b10000, 0x23b10000, 0x24290000)
  from space 960K,  36% used [0x24290000, 0x242e8498, 0x24380000)
  to   space 960K,   0% used [0x24380000, 0x24380000, 0x24470000)
 tenured generation   total 18892K, used 10512K [0x29060000, 0x2a2d3000, 0x33b10000)
   the space 18892K,  55% used [0x29060000, 0x29aa4170, 0x29aa4200, 0x2a2d3000)
 compacting perm gen  total 12288K, used 9982K [0x33b10000, 0x34710000, 0x37b10000)
   the space 12288K,  81% used [0x33b10000, 0x344cf818, 0x344cfa00, 0x34710000)
    ro space 10240K,  42% used [0x37b10000, 0x37f522a0, 0x37f52400, 0x38510000)
    rw space 12288K,  54% used [0x38510000, 0x38b93250, 0x38b93400, 0x39110000)
}
Event: 29010.305 GC heap before
{Heap before GC invocations=36262 (full 106):
 def new generation   total 8640K, used 8033K [0x23b10000, 0x24470000, 0x29060000)
  eden space 7680K, 100% used [0x23b10000, 0x24290000, 0x24290000)
  from space 960K,  36% used [0x24290000, 0x242e8498, 0x24380000)
  to   space 960K,   0% used [0x24380000, 0x24380000, 0x24470000)
 tenured generation   total 18892K, used 10512K [0x29060000, 0x2a2d3000, 0x33b10000)
   the space 18892K,  55% used [0x29060000, 0x29aa4170, 0x29aa4200, 0x2a2d3000)
 compacting perm gen  total 12288K, used 9982K [0x33b10000, 0x34710000, 0x37b10000)
   the space 12288K,  81% used [0x33b10000, 0x344cf818, 0x344cfa00, 0x34710000)
    ro space 10240K,  42% used [0x37b10000, 0x37f522a0, 0x37f52400, 0x38510000)
    rw space 12288K,  54% used [0x38510000, 0x38b93250, 0x38b93400, 0x39110000)
Event: 29010.306 GC heap after
Heap after GC invocations=36263 (full 106):
 def new generation   total 8640K, used 342K [0x23b10000, 0x24470000, 0x29060000)
  eden space 7680K,   0% used [0x23b10000, 0x23b10000, 0x24290000)
  from space 960K,  35% used [0x24380000, 0x243d5ab8, 0x24470000)
  to   space 960K,   0% used [0x24290000, 0x24290000, 0x24380000)
 tenured generation   total 18892K, used 10520K [0x29060000, 0x2a2d3000, 0x33b10000)
   the space 18892K,  55% used [0x29060000, 0x29aa6160, 0x29aa6200, 0x2a2d3000)
 compacting perm gen  total 12288K, used 9982K [0x33b10000, 0x34710000, 0x37b10000)
   the space 12288K,  81% used [0x33b10000, 0x344cf818, 0x344cfa00, 0x34710000)
    ro space 10240K,  42% used [0x37b10000, 0x37f522a0, 0x37f52400, 0x38510000)
    rw space 12288K,  54% used [0x38510000, 0x38b93250, 0x38b93400, 0x39110000)
}
Event: 29010.841 GC heap before
{Heap before GC invocations=36263 (full 106):
 def new generation   total 8640K, used 8019K [0x23b10000, 0x24470000, 0x29060000)
  eden space 7680K,  99% used [0x23b10000, 0x2428f298, 0x24290000)
  from space 960K,  35% used [0x24380000, 0x243d5ab8, 0x24470000)
  to   space 960K,   0% used [0x24290000, 0x24290000, 0x24380000)
 tenured generation   total 18892K, used 10520K [0x29060000, 0x2a2d3000, 0x33b10000)
   the space 18892K,  55% used [0x29060000, 0x29aa6160, 0x29aa6200, 0x2a2d3000)
 compacting perm gen  total 12288K, used 9982K [0x33b10000, 0x34710000, 0x37b10000)
   the space 12288K,  81% used [0x33b10000, 0x344cf818, 0x344cfa00, 0x34710000)
    ro space 10240K,  42% used [0x37b10000, 0x37f522a0, 0x37f52400, 0x38510000)
    rw space 12288K,  54% used [0x38510000, 0x38b93250, 0x38b93400, 0x39110000)
Event: 29010.842 GC heap after
Heap after GC invocations=36264 (full 106):
 def new generation   total 8640K, used 173K [0x23b10000, 0x24470000, 0x29060000)
  eden space 7680K,   0% used [0x23b10000, 0x23b10000, 0x24290000)
  from space 960K,  18% used [0x24290000, 0x242bb728, 0x24380000)
  to   space 960K,   0% used [0x24380000, 0x24380000, 0x24470000)
 tenured generation   total 18892K, used 10564K [0x29060000, 0x2a2d3000, 0x33b10000)
   the space 18892K,  55% used [0x29060000, 0x29ab1268, 0x29ab1400, 0x2a2d3000)
 compacting perm gen  total 12288K, used 9982K [0x33b10000, 0x34710000, 0x37b10000)
   the space 12288K,  81% used [0x33b10000, 0x344cf818, 0x344cfa00, 0x34710000)
    ro space 10240K,  42% used [0x37b10000, 0x37f522a0, 0x37f52400, 0x38510000)
    rw space 12288K,  54% used [0x38510000, 0x38b93250, 0x38b93400, 0x39110000)
}
Event: 29011.938 GC heap before
{Heap before GC invocations=36264 (full 106):
 def new generation   total 8640K, used 7853K [0x23b10000, 0x24470000, 0x29060000)
  eden space 7680K, 100% used [0x23b10000, 0x24290000, 0x24290000)
  from space 960K,  18% used [0x24290000, 0x242bb728, 0x24380000)
  to   space 960K,   0% used [0x24380000, 0x24380000, 0x24470000)
 tenured generation   total 18892K, used 10564K [0x29060000, 0x2a2d3000, 0x33b10000)
   the space 18892K,  55% used [0x29060000, 0x29ab1268, 0x29ab1400, 0x2a2d3000)
 compacting perm gen  total 12288K, used 9982K [0x33b10000, 0x34710000, 0x37b10000)
   the space 12288K,  81% used [0x33b10000, 0x344cf818, 0x344cfa00, 0x34710000)
    ro space 10240K,  42% used [0x37b10000, 0x37f522a0, 0x37f52400, 0x38510000)
    rw space 12288K,  54% used [0x38510000, 0x38b93250, 0x38b93400, 0x39110000)
Event: 29011.939 GC heap after
Heap after GC invocations=36265 (full 106):
 def new generation   total 8640K, used 351K [0x23b10000, 0x24470000, 0x29060000)
  eden space 7680K,   0% used [0x23b10000, 0x23b10000, 0x24290000)
  from space 960K,  36% used [0x24380000, 0x243d7ea8, 0x24470000)
  to   space 960K,   0% used [0x24290000, 0x24290000, 0x24380000)
 tenured generation   total 18892K, used 10564K [0x29060000, 0x2a2d3000, 0x33b10000)
   the space 18892K,  55% used [0x29060000, 0x29ab1268, 0x29ab1400, 0x2a2d3000)
 compacting perm gen  total 12288K, used 9982K [0x33b10000, 0x34710000, 0x37b10000)
   the space 12288K,  81% used [0x33b10000, 0x344cf818, 0x344cfa00, 0x34710000)
    ro space 10240K,  42% used [0x37b10000, 0x37f522a0, 0x37f52400, 0x38510000)
    rw space 12288K,  54% used [0x38510000, 0x38b93250, 0x38b93400, 0x39110000)
}
Event: 29012.868 GC heap before
{Heap before GC invocations=36265 (full 106):
 def new generation   total 8640K, used 6837K [0x23b10000, 0x24470000, 0x29060000)
  eden space 7680K,  84% used [0x23b10000, 0x241657c0, 0x24290000)
  from space 960K,  36% used [0x24380000, 0x243d7ea8, 0x24470000)
  to   space 960K,   0% used [0x24290000, 0x24290000, 0x24380000)
 tenured generation   total 18892K, used 10564K [0x29060000, 0x2a2d3000, 0x33b10000)
   the space 18892K,  55% used [0x29060000, 0x29ab1268, 0x29ab1400, 0x2a2d3000)
 compacting perm gen  total 12288K, used 9982K [0x33b10000, 0x34710000, 0x37b10000)
   the space 12288K,  81% used [0x33b10000, 0x344cf818, 0x344cfa00, 0x34710000)
    ro space 10240K,  42% used [0x37b10000, 0x37f522a0, 0x37f52400, 0x38510000)
    rw space 12288K,  54% used [0x38510000, 0x38b93250, 0x38b93400, 0x39110000)
Event: 29012.869 GC heap after
Heap after GC invocations=36266 (full 106):
 def new generation   total 8640K, used 344K [0x23b10000, 0x24470000, 0x29060000)
  eden space 7680K,   0% used [0x23b10000, 0x23b10000, 0x24290000)
  from space 960K,  35% used [0x24290000, 0x242e6038, 0x24380000)
  to   space 960K,   0% used [0x24380000, 0x24380000, 0x24470000)
 tenured generation   total 18892K, used 10564K [0x29060000, 0x2a2d3000, 0x33b10000)
   the space 18892K,  55% used [0x29060000, 0x29ab1268, 0x29ab1400, 0x2a2d3000)
 compacting perm gen  total 12288K, used 9982K [0x33b10000, 0x34710000, 0x37b10000)
   the space 12288K,  81% used [0x33b10000, 0x344cf818, 0x344cfa00, 0x34710000)
    ro space 10240K,  42% used [0x37b10000, 0x37f522a0, 0x37f52400, 0x38510000)
    rw space 12288K,  54% used [0x38510000, 0x38b93250, 0x38b93400, 0x39110000)
}

