# JRE version: 7.0_21-b11
# Java VM: Java HotSpot(TM) Client VM (23.21-b01 mixed mode, sharing windows-x86 )
Heap
 def new generation   total 6336K, used 2961K [0x23b10000, 0x241f0000, 0x29060000)
  eden space 5632K,  47% used [0x23b10000, 0x23da9be8, 0x24090000)
  from space 704K,  42% used [0x24090000, 0x240daa08, 0x24140000)
  to   space 704K,   0% used [0x24140000, 0x24140000, 0x241f0000)
 tenured generation   total 13804K, used 12800K [0x29060000, 0x29ddb000, 0x33b10000)
   the space 13804K,  92% used [0x29060000, 0x29ce0220, 0x29ce0400, 0x29ddb000)
 compacting perm gen  total 12288K, used 10026K [0x33b10000, 0x34710000, 0x37b10000)
   the space 12288K,  81% used [0x33b10000, 0x344da880, 0x344daa00, 0x34710000)
    ro space 10240K,  42% used [0x37b10000, 0x37f522a0, 0x37f52400, 0x38510000)
    rw space 12288K,  54% used [0x38510000, 0x38b93250, 0x38b93400, 0x39110000)
GC Heap History (10 events):
Event: 23870.609 GC heap before
{Heap before GC invocations=33507 (full 55):
 def new generation   total 6336K, used 5930K [0x23b10000, 0x241f0000, 0x29060000)
  eden space 5632K, 100% used [0x23b10000, 0x24090000, 0x24090000)
  from space 704K,  42% used [0x24140000, 0x2418ab10, 0x241f0000)
  to   space 704K,   0% used [0x24090000, 0x24090000, 0x24140000)
 tenured generation   total 13804K, used 12800K [0x29060000, 0x29ddb000, 0x33b10000)
   the space 13804K,  92% used [0x29060000, 0x29ce0220, 0x29ce0400, 0x29ddb000)
 compacting perm gen  total 12288K, used 10017K [0x33b10000, 0x34710000, 0x37b10000)
   the space 12288K,  81% used [0x33b10000, 0x344d8570, 0x344d8600, 0x34710000)
    ro space 10240K,  42% used [0x37b10000, 0x37f522a0, 0x37f52400, 0x38510000)
    rw space 12288K,  54% used [0x38510000, 0x38b93250, 0x38b93400, 0x39110000)
Event: 23870.610 GC heap after
Heap after GC invocations=33508 (full 55):
 def new generation   total 6336K, used 298K [0x23b10000, 0x241f0000, 0x29060000)
  eden space 5632K,   0% used [0x23b10000, 0x23b10000, 0x24090000)
  from space 704K,  42% used [0x24090000, 0x240dab30, 0x24140000)
  to   space 704K,   0% used [0x24140000, 0x24140000, 0x241f0000)
 tenured generation   total 13804K, used 12800K [0x29060000, 0x29ddb000, 0x33b10000)
   the space 13804K,  92% used [0x29060000, 0x29ce0220, 0x29ce0400, 0x29ddb000)
 compacting perm gen  total 12288K, used 10017K [0x33b10000, 0x34710000, 0x37b10000)
   the space 12288K,  81% used [0x33b10000, 0x344d8570, 0x344d8600, 0x34710000)
    ro space 10240K,  42% used [0x37b10000, 0x37f522a0, 0x37f52400, 0x38510000)
    rw space 12288K,  54% used [0x38510000, 0x38b93250, 0x38b93400, 0x39110000)
}
Event: 23871.406 GC heap before
{Heap before GC invocations=33508 (full 55):
 def new generation   total 6336K, used 5930K [0x23b10000, 0x241f0000, 0x29060000)
  eden space 5632K, 100% used [0x23b10000, 0x24090000, 0x24090000)
  from space 704K,  42% used [0x24090000, 0x240dab30, 0x24140000)
  to   space 704K,   0% used [0x24140000, 0x24140000, 0x241f0000)
 tenured generation   total 13804K, used 12800K [0x29060000, 0x29ddb000, 0x33b10000)
   the space 13804K,  92% used [0x29060000, 0x29ce0220, 0x29ce0400, 0x29ddb000)
 compacting perm gen  total 12288K, used 10017K [0x33b10000, 0x34710000, 0x37b10000)
   the space 12288K,  81% used [0x33b10000, 0x344d8570, 0x344d8600, 0x34710000)
    ro space 10240K,  42% used [0x37b10000, 0x37f522a0, 0x37f52400, 0x38510000)
    rw space 12288K,  54% used [0x38510000, 0x38b93250, 0x38b93400, 0x39110000)
Event: 23871.407 GC heap after
Heap after GC invocations=33509 (full 55):
 def new generation   total 6336K, used 298K [0x23b10000, 0x241f0000, 0x29060000)
  eden space 5632K,   0% used [0x23b10000, 0x23b10000, 0x24090000)
  from space 704K,  42% used [0x24140000, 0x2418abf8, 0x241f0000)
  to   space 704K,   0% used [0x24090000, 0x24090000, 0x24140000)
 tenured generation   total 13804K, used 12800K [0x29060000, 0x29ddb000, 0x33b10000)
   the space 13804K,  92% used [0x29060000, 0x29ce0220, 0x29ce0400, 0x29ddb000)
 compacting perm gen  total 12288K, used 10017K [0x33b10000, 0x34710000, 0x37b10000)
   the space 12288K,  81% used [0x33b10000, 0x344d8570, 0x344d8600, 0x34710000)
    ro space 10240K,  42% used [0x37b10000, 0x37f522a0, 0x37f52400, 0x38510000)
    rw space 12288K,  54% used [0x38510000, 0x38b93250, 0x38b93400, 0x39110000)
}
Event: 23872.205 GC heap before
{Heap before GC invocations=33509 (full 55):
 def new generation   total 6336K, used 5930K [0x23b10000, 0x241f0000, 0x29060000)
  eden space 5632K, 100% used [0x23b10000, 0x24090000, 0x24090000)
  from space 704K,  42% used [0x24140000, 0x2418abf8, 0x241f0000)
  to   space 704K,   0% used [0x24090000, 0x24090000, 0x24140000)
 tenured generation   total 13804K, used 12800K [0x29060000, 0x29ddb000, 0x33b10000)
   the space 13804K,  92% used [0x29060000, 0x29ce0220, 0x29ce0400, 0x29ddb000)
 compacting perm gen  total 12288K, used 10017K [0x33b10000, 0x34710000, 0x37b10000)
   the space 12288K,  81% used [0x33b10000, 0x344d8570, 0x344d8600, 0x34710000)
    ro space 10240K,  42% used [0x37b10000, 0x37f522a0, 0x37f52400, 0x38510000)
    rw space 12288K,  54% used [0x38510000, 0x38b93250, 0x38b93400, 0x39110000)
Event: 23872.206 GC heap after
Heap after GC invocations=33510 (full 55):
 def new generation   total 6336K, used 298K [0x23b10000, 0x241f0000, 0x29060000)
  eden space 5632K,   0% used [0x23b10000, 0x23b10000, 0x24090000)
  from space 704K,  42% used [0x24090000, 0x240da9f0, 0x24140000)
  to   space 704K,   0% used [0x24140000, 0x24140000, 0x241f0000)
 tenured generation   total 13804K, used 12800K [0x29060000, 0x29ddb000, 0x33b10000)
   the space 13804K,  92% used [0x29060000, 0x29ce0220, 0x29ce0400, 0x29ddb000)
 compacting perm gen  total 12288K, used 10017K [0x33b10000, 0x34710000, 0x37b10000)
   the space 12288K,  81% used [0x33b10000, 0x344d8570, 0x344d8600, 0x34710000)
    ro space 10240K,  42% used [0x37b10000, 0x37f522a0, 0x37f52400, 0x38510000)
    rw space 12288K,  54% used [0x38510000, 0x38b93250, 0x38b93400, 0x39110000)
}
Event: 23872.994 GC heap before
{Heap before GC invocations=33510 (full 55):
 def new generation   total 6336K, used 5930K [0x23b10000, 0x241f0000, 0x29060000)
  eden space 5632K, 100% used [0x23b10000, 0x24090000, 0x24090000)
  from space 704K,  42% used [0x24090000, 0x240da9f0, 0x24140000)
  to   space 704K,   0% used [0x24140000, 0x24140000, 0x241f0000)
 tenured generation   total 13804K, used 12800K [0x29060000, 0x29ddb000, 0x33b10000)
   the space 13804K,  92% used [0x29060000, 0x29ce0220, 0x29ce0400, 0x29ddb000)
 compacting perm gen  total 12288K, used 10017K [0x33b10000, 0x34710000, 0x37b10000)
   the space 12288K,  81% used [0x33b10000, 0x344d8570, 0x344d8600, 0x34710000)
    ro space 10240K,  42% used [0x37b10000, 0x37f522a0, 0x37f52400, 0x38510000)
    rw space 12288K,  54% used [0x38510000, 0x38b93250, 0x38b93400, 0x39110000)
Event: 23872.995 GC heap after
Heap after GC invocations=33511 (full 55):
 def new generation   total 6336K, used 299K [0x23b10000, 0x241f0000, 0x29060000)
  eden space 5632K,   0% used [0x23b10000, 0x23b10000, 0x24090000)
  from space 704K,  42% used [0x24140000, 0x2418ad70, 0x241f0000)
  to   space 704K,   0% used [0x24090000, 0x24090000, 0x24140000)
 tenured generation   total 13804K, used 12800K [0x29060000, 0x29ddb000, 0x33b10000)
   the space 13804K,  92% used [0x29060000, 0x29ce0220, 0x29ce0400, 0x29ddb000)
 compacting perm gen  total 12288K, used 10017K [0x33b10000, 0x34710000, 0x37b10000)
   the space 12288K,  81% used [0x33b10000, 0x344d8570, 0x344d8600, 0x34710000)
    ro space 10240K,  42% used [0x37b10000, 0x37f522a0, 0x37f52400, 0x38510000)
    rw space 12288K,  54% used [0x38510000, 0x38b93250, 0x38b93400, 0x39110000)
}
Event: 23873.791 GC heap before
{Heap before GC invocations=33511 (full 55):
 def new generation   total 6336K, used 5931K [0x23b10000, 0x241f0000, 0x29060000)
  eden space 5632K, 100% used [0x23b10000, 0x24090000, 0x24090000)
  from space 704K,  42% used [0x24140000, 0x2418ad70, 0x241f0000)
  to   space 704K,   0% used [0x24090000, 0x24090000, 0x24140000)
 tenured generation   total 13804K, used 12800K [0x29060000, 0x29ddb000, 0x33b10000)
   the space 13804K,  92% used [0x29060000, 0x29ce0220, 0x29ce0400, 0x29ddb000)
 compacting perm gen  total 12288K, used 10017K [0x33b10000, 0x34710000, 0x37b10000)
   the space 12288K,  81% used [0x33b10000, 0x344d8570, 0x344d8600, 0x34710000)
    ro space 10240K,  42% used [0x37b10000, 0x37f522a0, 0x37f52400, 0x38510000)
    rw space 12288K,  54% used [0x38510000, 0x38b93250, 0x38b93400, 0x39110000)
Event: 23873.792 GC heap after
Heap after GC invocations=33512 (full 55):
 def new generation   total 6336K, used 298K [0x23b10000, 0x241f0000, 0x29060000)
  eden space 5632K,   0% used [0x23b10000, 0x23b10000, 0x24090000)
  from space 704K,  42% used [0x24090000, 0x240daa08, 0x24140000)
  to   space 704K,   0% used [0x24140000, 0x24140000, 0x241f0000)
 tenured generation   total 13804K, used 12800K [0x29060000, 0x29ddb000, 0x33b10000)
   the space 13804K,  92% used [0x29060000, 0x29ce0220, 0x29ce0400, 0x29ddb000)
 compacting perm gen  total 12288K, used 10017K [0x33b10000, 0x34710000, 0x37b10000)
   the space 12288K,  81% used [0x33b10000, 0x344d8570, 0x344d8600, 0x34710000)
    ro space 10240K,  42% used [0x37b10000, 0x37f522a0, 0x37f52400, 0x38510000)
    rw space 12288K,  54% used [0x38510000, 0x38b93250, 0x38b93400, 0x39110000)
}

